<?xml version="1.0" encoding="UTF-8"?>
<!-- Generated by org.testng.reporters.JUnitXMLReporter -->
<testsuite hostname="DESKTOP-KGGB3NU" ignored="0" name="Test" tests="4" failures="0" timestamp="11 Dec 2020 14:47:59 GMT" time="76.365" errors="0">
  <testcase name="CheckPageTitle" time="0.032" classname="com.crm.testcases.LoginPageTest"/>
  <testcase name="CheckImage" time="0.08" classname="com.crm.testcases.LoginPageTest"/>
  <testcase name="LoginTest" time="5.397" classname="com.crm.testcases.LoginPageTest"/>
  <testcase name="FillCustomerDetails" time="24.968" classname="com.crm.testcases.NewCustomerTest"/>
</testsuite> <!-- Test -->
